This file contains any messages produced by compilers while
running configure, to aid debugging if configure makes a mistake.

It was created by CoFlo configure 0.0.4, which was
generated by GNU Autoconf 2.68.  Invocation command line was

  $ ./configure --with-boost-tarball=/home/dgy/coflo/boost_1_48_0.tar.bz2 --with-dparser-tarball=/home/dgy/coflo/d-1.30-src.tar.gz --no-create --no-recursion

## --------- ##
## Platform. ##
## --------- ##

hostname = dgy-virtual-machine
uname -m = x86_64
uname -r = 3.13.0-37-generic
uname -s = Linux
uname -v = #64-Ubuntu SMP Mon Sep 22 21:28:38 UTC 2014

/usr/bin/uname -p = unknown
/bin/uname -X     = unknown

/bin/arch              = unknown
/usr/bin/arch -k       = unknown
/usr/convex/getsysinfo = unknown
/usr/bin/hostinfo      = unknown
/bin/machine           = unknown
/usr/bin/oslevel       = unknown
/bin/universe          = unknown

PATH: /usr/local/sbin
PATH: /usr/local/bin
PATH: /usr/sbin
PATH: /usr/bin
PATH: /sbin
PATH: /bin
PATH: /usr/games
PATH: /usr/local/games


## ----------- ##
## Core tests. ##
## ----------- ##

configure:2458: checking for a BSD-compatible install
configure:2526: result: /usr/bin/install -c
configure:2537: checking whether build environment is sane
configure:2587: result: yes
configure:2728: checking for a thread-safe mkdir -p
configure:2767: result: /bin/mkdir -p
configure:2780: checking for gawk
configure:2796: found /usr/bin/gawk
configure:2807: result: gawk
configure:2818: checking whether make sets $(MAKE)
configure:2840: result: yes
configure:2927: checking how to create a pax tar archive
configure:2940: tar --version
tar (GNU tar) 1.27.1
Copyright (C) 2013 Free Software Foundation, Inc.
License GPLv3+: GNU GPL version 3 or later <http://gnu.org/licenses/gpl.html>.
This is free software: you are free to change and redistribute it.
There is NO WARRANTY, to the extent permitted by law.

Written by John Gilmore and Jay Fenlason.
configure:2943: $? = 0
configure:2983: tardir=conftest.dir && eval tar --format=posix -chf - "$tardir" >conftest.tar
configure:2986: $? = 0
configure:2990: tar -xf - <conftest.tar
configure:2993: $? = 0
configure:3006: result: gnutar
configure:3020: checking build system type
configure:3034: result: x86_64-unknown-linux-gnu
configure:3054: checking host system type
configure:3067: result: x86_64-unknown-linux-gnu
configure:3101: checking for grep that handles long lines and -e
configure:3159: result: /bin/grep
configure:3164: checking for egrep
configure:3226: result: /bin/grep -E
configure:3233: checking the number of available CPUs
configure:3252: result: 1 
configure:3308: checking for style of include used by make
configure:3336: result: GNU
configure:3416: checking for g++
configure:3432: found /usr/bin/g++
configure:3443: result: g++
configure:3470: checking for C++ compiler version
configure:3479: g++ --version >&5
g++ (Ubuntu 4.8.2-19ubuntu1) 4.8.2
Copyright (C) 2013 Free Software Foundation, Inc.
This is free software; see the source for copying conditions.  There is NO
warranty; not even for MERCHANTABILITY or FITNESS FOR A PARTICULAR PURPOSE.

configure:3490: $? = 0
configure:3479: g++ -v >&5
Using built-in specs.
COLLECT_GCC=g++
COLLECT_LTO_WRAPPER=/usr/lib/gcc/x86_64-linux-gnu/4.8/lto-wrapper
Target: x86_64-linux-gnu
Configured with: ../src/configure -v --with-pkgversion='Ubuntu 4.8.2-19ubuntu1' --with-bugurl=file:///usr/share/doc/gcc-4.8/README.Bugs --enable-languages=c,c++,java,go,d,fortran,objc,obj-c++ --prefix=/usr --program-suffix=-4.8 --enable-shared --enable-linker-build-id --libexecdir=/usr/lib --without-included-gettext --enable-threads=posix --with-gxx-include-dir=/usr/include/c++/4.8 --libdir=/usr/lib --enable-nls --with-sysroot=/ --enable-clocale=gnu --enable-libstdcxx-debug --enable-libstdcxx-time=yes --enable-gnu-unique-object --disable-libmudflap --enable-plugin --with-system-zlib --disable-browser-plugin --enable-java-awt=gtk --enable-gtk-cairo --with-java-home=/usr/lib/jvm/java-1.5.0-gcj-4.8-amd64/jre --enable-java-home --with-jvm-root-dir=/usr/lib/jvm/java-1.5.0-gcj-4.8-amd64 --with-jvm-jar-dir=/usr/lib/jvm-exports/java-1.5.0-gcj-4.8-amd64 --with-arch-directory=amd64 --with-ecj-jar=/usr/share/java/eclipse-ecj.jar --enable-objc-gc --enable-multiarch --disable-werror --with-arch-32=i686 --with-abi=m64 --with-multilib-list=m32,m64,mx32 --with-tune=generic --enable-checking=release --build=x86_64-linux-gnu --host=x86_64-linux-gnu --target=x86_64-linux-gnu
Thread model: posix
gcc version 4.8.2 (Ubuntu 4.8.2-19ubuntu1) 
configure:3490: $? = 0
configure:3479: g++ -V >&5
g++: error: unrecognized command line option '-V'
g++: fatal error: no input files
compilation terminated.
configure:3490: $? = 4
configure:3479: g++ -qversion >&5
g++: error: unrecognized command line option '-qversion'
g++: fatal error: no input files
compilation terminated.
configure:3490: $? = 4
configure:3510: checking whether the C++ compiler works
configure:3532: g++    conftest.cpp  >&5
configure:3536: $? = 0
configure:3584: result: yes
configure:3587: checking for C++ compiler default output file name
configure:3589: result: a.out
configure:3595: checking for suffix of executables
configure:3602: g++ -o conftest    conftest.cpp  >&5
configure:3606: $? = 0
configure:3628: result: 
configure:3650: checking whether we are cross compiling
configure:3658: g++ -o conftest    conftest.cpp  >&5
configure:3662: $? = 0
configure:3669: ./conftest
configure:3673: $? = 0
configure:3688: result: no
configure:3693: checking for suffix of object files
configure:3715: g++ -c   conftest.cpp >&5
configure:3719: $? = 0
configure:3740: result: o
configure:3744: checking whether we are using the GNU C++ compiler
configure:3763: g++ -c   conftest.cpp >&5
configure:3763: $? = 0
configure:3772: result: yes
configure:3781: checking whether g++ accepts -g
configure:3801: g++ -c -g  conftest.cpp >&5
configure:3801: $? = 0
configure:3842: result: yes
configure:3867: checking dependency style of g++
configure:3977: result: gcc3
configure:3995: checking whether C++ compiler accepts -fno-pretty-templates
configure:4014: g++ -c   -fno-pretty-templates  conftest.cpp >&5
configure:4014: $? = 0
configure:4023: result: yes
configure:4036: : AM_CXXFLAGS="$AM_CXXFLAGS $flag"
configure:4039: $? = 0
configure:4114: checking for gcc
configure:4130: found /usr/bin/gcc
configure:4141: result: gcc
configure:4370: checking for C compiler version
configure:4379: gcc --version >&5
gcc (Ubuntu 4.8.2-19ubuntu1) 4.8.2
Copyright (C) 2013 Free Software Foundation, Inc.
This is free software; see the source for copying conditions.  There is NO
warranty; not even for MERCHANTABILITY or FITNESS FOR A PARTICULAR PURPOSE.

configure:4390: $? = 0
configure:4379: gcc -v >&5
Using built-in specs.
COLLECT_GCC=gcc
COLLECT_LTO_WRAPPER=/usr/lib/gcc/x86_64-linux-gnu/4.8/lto-wrapper
Target: x86_64-linux-gnu
Configured with: ../src/configure -v --with-pkgversion='Ubuntu 4.8.2-19ubuntu1' --with-bugurl=file:///usr/share/doc/gcc-4.8/README.Bugs --enable-languages=c,c++,java,go,d,fortran,objc,obj-c++ --prefix=/usr --program-suffix=-4.8 --enable-shared --enable-linker-build-id --libexecdir=/usr/lib --without-included-gettext --enable-threads=posix --with-gxx-include-dir=/usr/include/c++/4.8 --libdir=/usr/lib --enable-nls --with-sysroot=/ --enable-clocale=gnu --enable-libstdcxx-debug --enable-libstdcxx-time=yes --enable-gnu-unique-object --disable-libmudflap --enable-plugin --with-system-zlib --disable-browser-plugin --enable-java-awt=gtk --enable-gtk-cairo --with-java-home=/usr/lib/jvm/java-1.5.0-gcj-4.8-amd64/jre --enable-java-home --with-jvm-root-dir=/usr/lib/jvm/java-1.5.0-gcj-4.8-amd64 --with-jvm-jar-dir=/usr/lib/jvm-exports/java-1.5.0-gcj-4.8-amd64 --with-arch-directory=amd64 --with-ecj-jar=/usr/share/java/eclipse-ecj.jar --enable-objc-gc --enable-multiarch --disable-werror --with-arch-32=i686 --with-abi=m64 --with-multilib-list=m32,m64,mx32 --with-tune=generic --enable-checking=release --build=x86_64-linux-gnu --host=x86_64-linux-gnu --target=x86_64-linux-gnu
Thread model: posix
gcc version 4.8.2 (Ubuntu 4.8.2-19ubuntu1) 
configure:4390: $? = 0
configure:4379: gcc -V >&5
gcc: error: unrecognized command line option '-V'
gcc: fatal error: no input files
compilation terminated.
configure:4390: $? = 4
configure:4379: gcc -qversion >&5
gcc: error: unrecognized command line option '-qversion'
gcc: fatal error: no input files
compilation terminated.
configure:4390: $? = 4
configure:4394: checking whether we are using the GNU C compiler
configure:4413: gcc -c   conftest.c >&5
configure:4413: $? = 0
configure:4422: result: yes
configure:4431: checking whether gcc accepts -g
configure:4451: gcc -c -g  conftest.c >&5
configure:4451: $? = 0
configure:4492: result: yes
configure:4509: checking for gcc option to accept ISO C89
configure:4573: gcc  -c   conftest.c >&5
configure:4573: $? = 0
configure:4586: result: none needed
configure:4608: checking dependency style of gcc
configure:4718: result: gcc3
configure:4735: checking whether gcc and cc understand -c and -o together
configure:4766: gcc -c conftest.c -o conftest2.o >&5
configure:4770: $? = 0
configure:4776: gcc -c conftest.c -o conftest2.o >&5
configure:4780: $? = 0
configure:4791: cc -c conftest.c >&5
configure:4795: $? = 0
configure:4803: cc -c conftest.c -o conftest2.o >&5
configure:4807: $? = 0
configure:4813: cc -c conftest.c -o conftest2.o >&5
configure:4817: $? = 0
configure:4835: result: yes
configure:4972: checking for C++ compiler version
configure:4981: g++ --version >&5
g++ (Ubuntu 4.8.2-19ubuntu1) 4.8.2
Copyright (C) 2013 Free Software Foundation, Inc.
This is free software; see the source for copying conditions.  There is NO
warranty; not even for MERCHANTABILITY or FITNESS FOR A PARTICULAR PURPOSE.

configure:4992: $? = 0
configure:4981: g++ -v >&5
Using built-in specs.
COLLECT_GCC=g++
COLLECT_LTO_WRAPPER=/usr/lib/gcc/x86_64-linux-gnu/4.8/lto-wrapper
Target: x86_64-linux-gnu
Configured with: ../src/configure -v --with-pkgversion='Ubuntu 4.8.2-19ubuntu1' --with-bugurl=file:///usr/share/doc/gcc-4.8/README.Bugs --enable-languages=c,c++,java,go,d,fortran,objc,obj-c++ --prefix=/usr --program-suffix=-4.8 --enable-shared --enable-linker-build-id --libexecdir=/usr/lib --without-included-gettext --enable-threads=posix --with-gxx-include-dir=/usr/include/c++/4.8 --libdir=/usr/lib --enable-nls --with-sysroot=/ --enable-clocale=gnu --enable-libstdcxx-debug --enable-libstdcxx-time=yes --enable-gnu-unique-object --disable-libmudflap --enable-plugin --with-system-zlib --disable-browser-plugin --enable-java-awt=gtk --enable-gtk-cairo --with-java-home=/usr/lib/jvm/java-1.5.0-gcj-4.8-amd64/jre --enable-java-home --with-jvm-root-dir=/usr/lib/jvm/java-1.5.0-gcj-4.8-amd64 --with-jvm-jar-dir=/usr/lib/jvm-exports/java-1.5.0-gcj-4.8-amd64 --with-arch-directory=amd64 --with-ecj-jar=/usr/share/java/eclipse-ecj.jar --enable-objc-gc --enable-multiarch --disable-werror --with-arch-32=i686 --with-abi=m64 --with-multilib-list=m32,m64,mx32 --with-tune=generic --enable-checking=release --build=x86_64-linux-gnu --host=x86_64-linux-gnu --target=x86_64-linux-gnu
Thread model: posix
gcc version 4.8.2 (Ubuntu 4.8.2-19ubuntu1) 
configure:4992: $? = 0
configure:4981: g++ -V >&5
g++: error: unrecognized command line option '-V'
g++: fatal error: no input files
compilation terminated.
configure:4992: $? = 4
configure:4981: g++ -qversion >&5
g++: error: unrecognized command line option '-qversion'
g++: fatal error: no input files
compilation terminated.
configure:4992: $? = 4
configure:4996: checking whether we are using the GNU C++ compiler
configure:5024: result: yes
configure:5033: checking whether g++ accepts -g
configure:5094: result: yes
configure:5119: checking dependency style of g++
configure:5229: result: gcc3
configure:5244: checking for a sed that does not truncate output
configure:5308: result: /bin/sed
configure:5317: checking for gawk
configure:5344: result: gawk
configure:5360: checking how to run the C preprocessor
configure:5391: gcc -E  conftest.c
configure:5391: $? = 0
configure:5405: gcc -E  conftest.c
conftest.c:13:28: fatal error: ac_nonexistent.h: No such file or directory
 #include <ac_nonexistent.h>
                            ^
compilation terminated.
configure:5405: $? = 1
configure: failed program was:
| /* confdefs.h */
| #define PACKAGE_NAME "CoFlo"
| #define PACKAGE_TARNAME "coflo"
| #define PACKAGE_VERSION "0.0.4"
| #define PACKAGE_STRING "CoFlo 0.0.4"
| #define PACKAGE_BUGREPORT "BUG-REPORT-ADDRESS"
| #define PACKAGE_URL "http://coflo.sourceforge.net/"
| #define PACKAGE "coflo"
| #define VERSION "0.0.4"
| #define SYSTEM_TRIPLE_BUILD "x86_64-unknown-linux-gnu"
| #define SYSTEM_TRIPLE_HOST "x86_64-unknown-linux-gnu"
| /* end confdefs.h.  */
| #include <ac_nonexistent.h>
configure:5430: result: gcc -E
configure:5450: gcc -E  conftest.c
configure:5450: $? = 0
configure:5464: gcc -E  conftest.c
conftest.c:13:28: fatal error: ac_nonexistent.h: No such file or directory
 #include <ac_nonexistent.h>
                            ^
compilation terminated.
configure:5464: $? = 1
configure: failed program was:
| /* confdefs.h */
| #define PACKAGE_NAME "CoFlo"
| #define PACKAGE_TARNAME "coflo"
| #define PACKAGE_VERSION "0.0.4"
| #define PACKAGE_STRING "CoFlo 0.0.4"
| #define PACKAGE_BUGREPORT "BUG-REPORT-ADDRESS"
| #define PACKAGE_URL "http://coflo.sourceforge.net/"
| #define PACKAGE "coflo"
| #define VERSION "0.0.4"
| #define SYSTEM_TRIPLE_BUILD "x86_64-unknown-linux-gnu"
| #define SYSTEM_TRIPLE_HOST "x86_64-unknown-linux-gnu"
| /* end confdefs.h.  */
| #include <ac_nonexistent.h>
configure:5493: checking whether ln -s works
configure:5497: result: yes
configure:5504: checking whether make sets $(MAKE)
configure:5526: result: yes
configure:5584: checking how to print strings
configure:5611: result: printf
configure:5632: checking for a sed that does not truncate output
configure:5696: result: /bin/sed
configure:5714: checking for fgrep
configure:5776: result: /bin/grep -F
configure:5811: checking for ld used by gcc
configure:5878: result: /usr/bin/ld
configure:5885: checking if the linker (/usr/bin/ld) is GNU ld
configure:5900: result: yes
configure:5912: checking for BSD- or MS-compatible name lister (nm)
configure:5961: result: /usr/bin/nm -B
configure:6091: checking the name lister (/usr/bin/nm -B) interface
configure:6098: gcc -c   conftest.c >&5
configure:6101: /usr/bin/nm -B "conftest.o"
configure:6104: output
0000000000000000 B some_variable
configure:6111: result: BSD nm
configure:6115: checking the maximum length of command line arguments
configure:6240: result: 3458764513820540925
configure:6257: checking whether the shell understands some XSI constructs
configure:6267: result: yes
configure:6271: checking whether the shell understands "+="
configure:6277: result: yes
configure:6312: checking how to convert x86_64-unknown-linux-gnu file names to x86_64-unknown-linux-gnu format
configure:6352: result: func_convert_file_noop
configure:6359: checking how to convert x86_64-unknown-linux-gnu file names to toolchain format
configure:6379: result: func_convert_file_noop
configure:6386: checking for /usr/bin/ld option to reload object files
configure:6393: result: -r
configure:6467: checking for objdump
configure:6483: found /usr/bin/objdump
configure:6494: result: objdump
configure:6526: checking how to recognize dependent libraries
configure:6728: result: pass_all
configure:6813: checking for dlltool
configure:6843: result: no
configure:6873: checking how to associate runtime and link libraries
configure:6900: result: printf %s\n
configure:6961: checking for ar
configure:6977: found /usr/bin/ar
configure:6988: result: ar
configure:7025: checking for archiver @FILE support
configure:7042: gcc -c   conftest.c >&5
configure:7042: $? = 0
configure:7045: ar cru libconftest.a @conftest.lst >&5
configure:7048: $? = 0
configure:7053: ar cru libconftest.a @conftest.lst >&5
ar: conftest.o: No such file or directory
configure:7056: $? = 1
configure:7068: result: @
configure:7126: checking for strip
configure:7142: found /usr/bin/strip
configure:7153: result: strip
configure:7225: checking for ranlib
configure:7241: found /usr/bin/ranlib
configure:7252: result: ranlib
configure:7354: checking command to parse /usr/bin/nm -B output from gcc object
configure:7473: gcc -c   conftest.c >&5
configure:7476: $? = 0
configure:7480: /usr/bin/nm -B conftest.o \| sed -n -e 's/^.*[ ]\([ABCDGIRSTW][ABCDGIRSTW]*\)[ ][ ]*\([_A-Za-z][_A-Za-z0-9]*\)$/\1 \2 \2/p' | sed '/ __gnu_lto/d' \> conftest.nm
configure:7483: $? = 0
configure:7549: gcc -o conftest    conftest.c conftstm.o >&5
configure:7552: $? = 0
configure:7590: result: ok
configure:7627: checking for sysroot
configure:7657: result: no
configure:7734: gcc -c   conftest.c >&5
configure:7737: $? = 0
configure:7900: checking for mt
configure:7916: found /bin/mt
configure:7927: result: mt
configure:7950: checking if mt is a manifest tool
configure:7956: mt '-?'
configure:7964: result: no
configure:8592: checking for ANSI C header files
configure:8612: gcc -c   conftest.c >&5
configure:8612: $? = 0
configure:8685: gcc -o conftest    conftest.c  >&5
configure:8685: $? = 0
configure:8685: ./conftest
configure:8685: $? = 0
configure:8696: result: yes
configure:8709: checking for sys/types.h
configure:8709: gcc -c   conftest.c >&5
configure:8709: $? = 0
configure:8709: result: yes
configure:8709: checking for sys/stat.h
configure:8709: gcc -c   conftest.c >&5
configure:8709: $? = 0
configure:8709: result: yes
configure:8709: checking for stdlib.h
configure:8709: gcc -c   conftest.c >&5
configure:8709: $? = 0
configure:8709: result: yes
configure:8709: checking for string.h
configure:8709: gcc -c   conftest.c >&5
configure:8709: $? = 0
configure:8709: result: yes
configure:8709: checking for memory.h
configure:8709: gcc -c   conftest.c >&5
configure:8709: $? = 0
configure:8709: result: yes
configure:8709: checking for strings.h
configure:8709: gcc -c   conftest.c >&5
configure:8709: $? = 0
configure:8709: result: yes
configure:8709: checking for inttypes.h
configure:8709: gcc -c   conftest.c >&5
configure:8709: $? = 0
configure:8709: result: yes
configure:8709: checking for stdint.h
configure:8709: gcc -c   conftest.c >&5
configure:8709: $? = 0
configure:8709: result: yes
configure:8709: checking for unistd.h
configure:8709: gcc -c   conftest.c >&5
configure:8709: $? = 0
configure:8709: result: yes
configure:8723: checking for dlfcn.h
configure:8723: gcc -c   conftest.c >&5
configure:8723: $? = 0
configure:8723: result: yes
configure:8920: checking for objdir
configure:8935: result: .libs
configure:9206: checking if gcc supports -fno-rtti -fno-exceptions
configure:9224: gcc -c   -fno-rtti -fno-exceptions conftest.c >&5
cc1: warning: command line option '-fno-rtti' is valid for C++/ObjC++ but not for C [enabled by default]
configure:9228: $? = 0
configure:9241: result: no
configure:9551: checking for gcc option to produce PIC
configure:9558: result: -fPIC -DPIC
configure:9566: checking if gcc PIC flag -fPIC -DPIC works
configure:9584: gcc -c   -fPIC -DPIC -DPIC conftest.c >&5
configure:9588: $? = 0
configure:9601: result: yes
configure:9630: checking if gcc static flag -static works
configure:9658: result: yes
configure:9673: checking if gcc supports -c -o file.o
configure:9694: gcc -c   -o out/conftest2.o conftest.c >&5
configure:9698: $? = 0
configure:9720: result: yes
configure:9728: checking if gcc supports -c -o file.o
configure:9775: result: yes
configure:9808: checking whether the gcc linker (/usr/bin/ld -m elf_x86_64) supports shared libraries
configure:10966: result: yes
configure:11003: checking whether -lc should be explicitly linked in
configure:11011: gcc -c   conftest.c >&5
configure:11014: $? = 0
configure:11029: gcc -shared  -fPIC -DPIC conftest.o  -v -Wl,-soname -Wl,conftest -o conftest 2\>\&1 \| /bin/grep  -lc  \>/dev/null 2\>\&1
configure:11032: $? = 0
configure:11046: result: no
configure:11211: checking dynamic linker characteristics
configure:11725: gcc -o conftest    -Wl,-rpath -Wl,/foo conftest.c  >&5
configure:11725: $? = 0
configure:11947: result: GNU/Linux ld.so
configure:12054: checking how to hardcode library paths into programs
configure:12079: result: immediate
configure:12619: checking whether stripping libraries is possible
configure:12624: result: yes
configure:12659: checking if libtool supports shared libraries
configure:12661: result: yes
configure:12664: checking whether to build shared libraries
configure:12685: result: yes
configure:12688: checking whether to build static libraries
configure:12692: result: yes
configure:12715: checking how to run the C++ preprocessor
configure:12742: g++ -E  conftest.cpp
configure:12742: $? = 0
configure:12756: g++ -E  conftest.cpp
conftest.cpp:25:28: fatal error: ac_nonexistent.h: No such file or directory
 #include <ac_nonexistent.h>
                            ^
compilation terminated.
configure:12756: $? = 1
configure: failed program was:
| /* confdefs.h */
| #define PACKAGE_NAME "CoFlo"
| #define PACKAGE_TARNAME "coflo"
| #define PACKAGE_VERSION "0.0.4"
| #define PACKAGE_STRING "CoFlo 0.0.4"
| #define PACKAGE_BUGREPORT "BUG-REPORT-ADDRESS"
| #define PACKAGE_URL "http://coflo.sourceforge.net/"
| #define PACKAGE "coflo"
| #define VERSION "0.0.4"
| #define SYSTEM_TRIPLE_BUILD "x86_64-unknown-linux-gnu"
| #define SYSTEM_TRIPLE_HOST "x86_64-unknown-linux-gnu"
| #define STDC_HEADERS 1
| #define HAVE_SYS_TYPES_H 1
| #define HAVE_SYS_STAT_H 1
| #define HAVE_STDLIB_H 1
| #define HAVE_STRING_H 1
| #define HAVE_MEMORY_H 1
| #define HAVE_STRINGS_H 1
| #define HAVE_INTTYPES_H 1
| #define HAVE_STDINT_H 1
| #define HAVE_UNISTD_H 1
| #define HAVE_DLFCN_H 1
| #define LT_OBJDIR ".libs/"
| /* end confdefs.h.  */
| #include <ac_nonexistent.h>
configure:12781: result: g++ -E
configure:12801: g++ -E  conftest.cpp
configure:12801: $? = 0
configure:12815: g++ -E  conftest.cpp
conftest.cpp:25:28: fatal error: ac_nonexistent.h: No such file or directory
 #include <ac_nonexistent.h>
                            ^
compilation terminated.
configure:12815: $? = 1
configure: failed program was:
| /* confdefs.h */
| #define PACKAGE_NAME "CoFlo"
| #define PACKAGE_TARNAME "coflo"
| #define PACKAGE_VERSION "0.0.4"
| #define PACKAGE_STRING "CoFlo 0.0.4"
| #define PACKAGE_BUGREPORT "BUG-REPORT-ADDRESS"
| #define PACKAGE_URL "http://coflo.sourceforge.net/"
| #define PACKAGE "coflo"
| #define VERSION "0.0.4"
| #define SYSTEM_TRIPLE_BUILD "x86_64-unknown-linux-gnu"
| #define SYSTEM_TRIPLE_HOST "x86_64-unknown-linux-gnu"
| #define STDC_HEADERS 1
| #define HAVE_SYS_TYPES_H 1
| #define HAVE_SYS_STAT_H 1
| #define HAVE_STDLIB_H 1
| #define HAVE_STRING_H 1
| #define HAVE_MEMORY_H 1
| #define HAVE_STRINGS_H 1
| #define HAVE_INTTYPES_H 1
| #define HAVE_STDINT_H 1
| #define HAVE_UNISTD_H 1
| #define HAVE_DLFCN_H 1
| #define LT_OBJDIR ".libs/"
| /* end confdefs.h.  */
| #include <ac_nonexistent.h>
configure:12985: checking for ld used by g++
configure:13052: result: /usr/bin/ld -m elf_x86_64
configure:13059: checking if the linker (/usr/bin/ld -m elf_x86_64) is GNU ld
configure:13074: result: yes
configure:13129: checking whether the g++ linker (/usr/bin/ld -m elf_x86_64) supports shared libraries
configure:14133: result: yes
configure:14168: g++ -c   conftest.cpp >&5
configure:14171: $? = 0
configure:14691: checking for g++ option to produce PIC
configure:14698: result: -fPIC -DPIC
configure:14706: checking if g++ PIC flag -fPIC -DPIC works
configure:14724: g++ -c   -fPIC -DPIC -DPIC conftest.cpp >&5
configure:14728: $? = 0
configure:14741: result: yes
configure:14764: checking if g++ static flag -static works
configure:14792: result: yes
configure:14804: checking if g++ supports -c -o file.o
configure:14825: g++ -c   -o out/conftest2.o conftest.cpp >&5
configure:14829: $? = 0
configure:14851: result: yes
configure:14856: checking if g++ supports -c -o file.o
configure:14903: result: yes
configure:14933: checking whether the g++ linker (/usr/bin/ld -m elf_x86_64) supports shared libraries
configure:14967: result: yes
configure:15110: checking dynamic linker characteristics
configure:15780: result: GNU/Linux ld.so
configure:15833: checking how to hardcode library paths into programs
configure:15858: result: immediate
configure:16030: checking for doxygen
configure:16063: result: no
configure:16083: WARNING: doxygen not found - will not generate any doxygen documentation
configure:16136: checking for perl
configure:16154: found /usr/bin/perl
configure:16166: result: /usr/bin/perl
configure:17774: checking whether dot executable path has been provided
configure:17840: result: no
configure:17844: checking for dot
configure:17862: found /usr/bin/dot
configure:17874: result: /usr/bin/dot
configure:17928: checking if dparser 1.26 source distribution tarball was specified
configure:17937: result: yes: "/home/dgy/coflo/d-1.30-src.tar.gz"
configure:17965: checking if specified dparser 1.26 source distribution tarball "/home/dgy/coflo/d-1.30-src.tar.gz" exists and is a regular file
configure:17969: result: yes
configure:17983: checking if specified dparser 1.26 source distribution tarball "/home/dgy/coflo/d-1.30-src.tar.gz" is readable
configure:17987: result: yes
configure:18008: FILE_PATH_DPARSER_SOURCE_TARBALL=/home/dgy/coflo/d-1.30-src.tar.gz
configure:18036: checking if boost source distribution tarball was specified
configure:18045: result: yes: "/home/dgy/coflo/boost_1_48_0.tar.bz2"
configure:18074: checking if specified boost source distribution tarball "/home/dgy/coflo/boost_1_48_0.tar.bz2" exists and is a regular file
configure:18078: result: yes
configure:18092: checking if specified boost source distribution tarball "/home/dgy/coflo/boost_1_48_0.tar.bz2" is readable
configure:18096: result: yes
configure:19376: checking for glob
configure:19376: gcc -o conftest    conftest.c  >&5
configure:19376: $? = 0
configure:19376: result: yes
configure:19388: checking whether to use the dmalloc library
configure:19405: result: no
configure:19616: creating ./config.status

## ---------------- ##
## Cache variables. ##
## ---------------- ##

ac_cv_build=x86_64-unknown-linux-gnu
ac_cv_c_compiler_gnu=yes
ac_cv_cxx_compiler_gnu=yes
ac_cv_env_CCC_set=
ac_cv_env_CCC_value=
ac_cv_env_CC_set=
ac_cv_env_CC_value=
ac_cv_env_CFLAGS_set=
ac_cv_env_CFLAGS_value=
ac_cv_env_CPPFLAGS_set=
ac_cv_env_CPPFLAGS_value=
ac_cv_env_CPP_set=
ac_cv_env_CPP_value=
ac_cv_env_CXXCPP_set=
ac_cv_env_CXXCPP_value=
ac_cv_env_CXXFLAGS_set=
ac_cv_env_CXXFLAGS_value=
ac_cv_env_CXX_set=
ac_cv_env_CXX_value=
ac_cv_env_DOXYGEN_PAPER_SIZE_set=
ac_cv_env_DOXYGEN_PAPER_SIZE_value=
ac_cv_env_FILE_PATH_BOOST_SOURCE_TARBALL_set=
ac_cv_env_FILE_PATH_BOOST_SOURCE_TARBALL_value=
ac_cv_env_FILE_PATH_DPARSER_SOURCE_TARBALL_set=
ac_cv_env_FILE_PATH_DPARSER_SOURCE_TARBALL_value=
ac_cv_env_LDFLAGS_set=
ac_cv_env_LDFLAGS_value=
ac_cv_env_LIBS_set=
ac_cv_env_LIBS_value=
ac_cv_env_PROG_ABSPATH_DOT_set=
ac_cv_env_PROG_ABSPATH_DOT_value=
ac_cv_env_build_alias_set=
ac_cv_env_build_alias_value=
ac_cv_env_host_alias_set=
ac_cv_env_host_alias_value=
ac_cv_env_target_alias_set=
ac_cv_env_target_alias_value=
ac_cv_func_glob=yes
ac_cv_header_dlfcn_h=yes
ac_cv_header_inttypes_h=yes
ac_cv_header_memory_h=yes
ac_cv_header_stdc=yes
ac_cv_header_stdint_h=yes
ac_cv_header_stdlib_h=yes
ac_cv_header_string_h=yes
ac_cv_header_strings_h=yes
ac_cv_header_sys_stat_h=yes
ac_cv_header_sys_types_h=yes
ac_cv_header_unistd_h=yes
ac_cv_host=x86_64-unknown-linux-gnu
ac_cv_objext=o
ac_cv_path_EGREP='/bin/grep -E'
ac_cv_path_FGREP='/bin/grep -F'
ac_cv_path_GREP=/bin/grep
ac_cv_path_PROG_ABSPATH_DOT=/usr/bin/dot
ac_cv_path_SED=/bin/sed
ac_cv_path_ac_pt_DX_PERL=/usr/bin/perl
ac_cv_path_install='/usr/bin/install -c'
ac_cv_path_mkdir=/bin/mkdir
ac_cv_prog_AWK=gawk
ac_cv_prog_CPP='gcc -E'
ac_cv_prog_CXXCPP='g++ -E'
ac_cv_prog_ac_ct_AR=ar
ac_cv_prog_ac_ct_CC=gcc
ac_cv_prog_ac_ct_CXX=g++
ac_cv_prog_ac_ct_MANIFEST_TOOL=mt
ac_cv_prog_ac_ct_OBJDUMP=objdump
ac_cv_prog_ac_ct_RANLIB=ranlib
ac_cv_prog_ac_ct_STRIP=strip
ac_cv_prog_cc_c89=
ac_cv_prog_cc_g=yes
ac_cv_prog_cc_gcc_c_o=yes
ac_cv_prog_cxx_g=yes
ac_cv_prog_make_make_set=yes
am_cv_CC_dependencies_compiler_type=gcc3
am_cv_CXX_dependencies_compiler_type=gcc3
am_cv_prog_tar_pax=gnutar
ax_cv_check_cxxflags___fno_pretty_templates=yes
lt_cv_ar_at_file=@
lt_cv_archive_cmds_need_lc=no
lt_cv_deplibs_check_method=pass_all
lt_cv_file_magic_cmd='$MAGIC_CMD'
lt_cv_file_magic_test_file=
lt_cv_ld_reload_flag=-r
lt_cv_nm_interface='BSD nm'
lt_cv_objdir=.libs
lt_cv_path_LD=/usr/bin/ld
lt_cv_path_LDCXX='/usr/bin/ld -m elf_x86_64'
lt_cv_path_NM='/usr/bin/nm -B'
lt_cv_path_mainfest_tool=no
lt_cv_prog_compiler_c_o=yes
lt_cv_prog_compiler_c_o_CXX=yes
lt_cv_prog_compiler_pic='-fPIC -DPIC'
lt_cv_prog_compiler_pic_CXX='-fPIC -DPIC'
lt_cv_prog_compiler_pic_works=yes
lt_cv_prog_compiler_pic_works_CXX=yes
lt_cv_prog_compiler_rtti_exceptions=no
lt_cv_prog_compiler_static_works=yes
lt_cv_prog_compiler_static_works_CXX=yes
lt_cv_prog_gnu_ld=yes
lt_cv_prog_gnu_ldcxx=yes
lt_cv_sharedlib_from_linklib_cmd='printf %s\n'
lt_cv_shlibpath_overrides_runpath=no
lt_cv_sys_global_symbol_pipe='sed -n -e '\''s/^.*[	 ]\([ABCDGIRSTW][ABCDGIRSTW]*\)[	 ][	 ]*\([_A-Za-z][_A-Za-z0-9]*\)$/\1 \2 \2/p'\'' | sed '\''/ __gnu_lto/d'\'''
lt_cv_sys_global_symbol_to_c_name_address='sed -n -e '\''s/^: \([^ ]*\)[ ]*$/  {\"\1\", (void *) 0},/p'\'' -e '\''s/^[ABCDGIRSTW]* \([^ ]*\) \([^ ]*\)$/  {"\2", (void *) \&\2},/p'\'''
lt_cv_sys_global_symbol_to_c_name_address_lib_prefix='sed -n -e '\''s/^: \([^ ]*\)[ ]*$/  {\"\1\", (void *) 0},/p'\'' -e '\''s/^[ABCDGIRSTW]* \([^ ]*\) \(lib[^ ]*\)$/  {"\2", (void *) \&\2},/p'\'' -e '\''s/^[ABCDGIRSTW]* \([^ ]*\) \([^ ]*\)$/  {"lib\2", (void *) \&\2},/p'\'''
lt_cv_sys_global_symbol_to_cdecl='sed -n -e '\''s/^T .* \(.*\)$/extern int \1();/p'\'' -e '\''s/^[ABCDGIRSTW]* .* \(.*\)$/extern char \1;/p'\'''
lt_cv_sys_max_cmd_len=3458764513820540925
lt_cv_to_host_file_cmd=func_convert_file_noop
lt_cv_to_tool_file_cmd=func_convert_file_noop

## ----------------- ##
## Output variables. ##
## ----------------- ##

ACLOCAL='${SHELL} /home/dgy/coflo/coflo-0.0.4/build-aux/missing --run aclocal-1.11'
AMDEPBACKSLASH='\'
AMDEP_FALSE='#'
AMDEP_TRUE=''
AMTAR='${SHELL} /home/dgy/coflo/coflo-0.0.4/build-aux/missing --run tar'
AM_BACKSLASH='\'
AM_CFLAGS='-ggdb3 -O0'
AM_CPPFLAGS='-Wall -Wextra -DBOOST_FILESYSTEM_NO_DEPRECATED=1 -DBOOST_FILESYSTEM_VERSION=3 -I $(abs_top_builddir)/third_party/$(BOOST_TARBALL_DIRNAME)'
AM_CXXFLAGS='-ggdb3 -O0 -fno-pretty-templates'
AM_DEFAULT_VERBOSITY='1'
AR='ar'
AUTOCONF='${SHELL} /home/dgy/coflo/coflo-0.0.4/build-aux/missing --run autoconf'
AUTOHEADER='${SHELL} /home/dgy/coflo/coflo-0.0.4/build-aux/missing --run autoheader'
AUTOM4TE='${SHELL} /home/dgy/coflo/coflo-0.0.4/build-aux/missing --run autom4te'
AUTOMAKE='${SHELL} /home/dgy/coflo/coflo-0.0.4/build-aux/missing --run automake-1.11'
AWK='gawk'
BOOST_CPPFLAGS='-I $(abs_top_builddir)/third_party/$(BOOST_TARBALL_DIRNAME)'
BOOST_FILESYSTEM_LIB=''
BOOST_LDFLAGS=''
BOOST_LIBTOOL_FLAGS=''
BOOST_PROGRAM_OPTIONS_LIB=''
BOOST_REGEX_LIB=''
BOOST_SYSTEM_LIB=''
BOOST_TARBALL_DIRNAME='boost_1_48_0'
BOOST_USE_BUILT_BOOST_FALSE='#'
BOOST_USE_BUILT_BOOST_TRUE=''
CC='gcc'
CCDEPMODE='depmode=gcc3'
CFLAGS=''
COFLO_BOOST_LIBS='system,filesystem,graph,program_options,regex'
CPP='gcc -E'
CPPFLAGS=''
CPU_COUNT='1'
CXX='g++'
CXXCPP='g++ -E'
CXXDEPMODE='depmode=gcc3'
CXXFLAGS=''
CYGPATH_W='echo'
DEFS='-DHAVE_CONFIG_H'
DEPDIR='.deps'
DLLTOOL='false'
DOXYGEN_PAPER_SIZE=''
DSYMUTIL=''
DUMPBIN=''
DX_COND_chi_FALSE=''
DX_COND_chi_TRUE='#'
DX_COND_chm_FALSE=''
DX_COND_chm_TRUE='#'
DX_COND_doc_FALSE=''
DX_COND_doc_TRUE='#'
DX_COND_dot_FALSE=''
DX_COND_dot_TRUE='#'
DX_COND_html_FALSE=''
DX_COND_html_TRUE='#'
DX_COND_latex_FALSE=''
DX_COND_latex_TRUE='#'
DX_COND_man_FALSE=''
DX_COND_man_TRUE='#'
DX_COND_pdf_FALSE=''
DX_COND_pdf_TRUE='#'
DX_COND_ps_FALSE=''
DX_COND_ps_TRUE='#'
DX_COND_rtf_FALSE=''
DX_COND_rtf_TRUE='#'
DX_COND_xml_FALSE=''
DX_COND_xml_TRUE='#'
DX_CONFIG='src/Doxyfile'
DX_DOCDIR='doxygen-doc'
DX_DOT=''
DX_DOXYGEN=''
DX_DVIPS=''
DX_EGREP=''
DX_ENV=' SRCDIR='\''.'\'' PROJECT='\''CoFlo'\'' DOCDIR='\''doxygen-doc'\'' VERSION='\''0.0.4'\'' HAVE_DOT='\''NO'\'' GENERATE_MAN='\''NO'\'' GENERATE_RTF='\''NO'\'' GENERATE_XML='\''NO'\'' GENERATE_HTMLHELP='\''NO'\'' GENERATE_CHI='\''NO'\'' GENERATE_HTML='\''NO'\'' GENERATE_LATEX='\''NO'\'''
DX_FLAG_chi='0'
DX_FLAG_chm='0'
DX_FLAG_doc='0'
DX_FLAG_dot='0'
DX_FLAG_html='0'
DX_FLAG_man='0'
DX_FLAG_pdf='0'
DX_FLAG_ps='0'
DX_FLAG_rtf='0'
DX_FLAG_xml='0'
DX_HHC=''
DX_LATEX=''
DX_MAKEINDEX=''
DX_PDFLATEX=''
DX_PERL='/usr/bin/perl'
DX_PROJECT='CoFlo'
ECHO_C=''
ECHO_N='-n'
ECHO_T=''
EGREP='/bin/grep -E'
EXEEXT=''
FGREP='/bin/grep -F'
FILE_PATH_BOOST_SOURCE_TARBALL='/home/dgy/coflo/boost_1_48_0.tar.bz2'
FILE_PATH_DPARSER_SOURCE_TARBALL='/home/dgy/coflo/d-1.30-src.tar.gz'
GREP='/bin/grep'
INSTALL_DATA='${INSTALL} -m 644'
INSTALL_PROGRAM='${INSTALL}'
INSTALL_SCRIPT='${INSTALL}'
INSTALL_STRIP_PROGRAM='$(install_sh) -c -s'
LD='/usr/bin/ld -m elf_x86_64'
LDFLAGS=''
LIBOBJS=''
LIBS=''
LIBTOOL='$(SHELL) $(top_builddir)/libtool'
LIBTOOL_DEPS='build-aux/ltmain.sh'
LIPO=''
LN_S='ln -s'
LTLIBOBJS=''
MAKEINFO='${SHELL} /home/dgy/coflo/coflo-0.0.4/build-aux/missing --run makeinfo'
MANIFEST_TOOL=':'
MKDIR_P='/bin/mkdir -p'
NM='/usr/bin/nm -B'
NMEDIT=''
OBJDUMP='objdump'
OBJEXT='o'
OTOOL64=''
OTOOL=''
PACKAGE='coflo'
PACKAGE_BUGREPORT='BUG-REPORT-ADDRESS'
PACKAGE_NAME='CoFlo'
PACKAGE_STRING='CoFlo 0.0.4'
PACKAGE_TARNAME='coflo'
PACKAGE_URL='http://coflo.sourceforge.net/'
PACKAGE_VERSION='0.0.4'
PATH_SEPARATOR=':'
PROG_ABSPATH_DOT='/usr/bin/dot'
RANLIB='ranlib'
SED='/bin/sed'
SET_MAKE=''
SHELL='/bin/sh'
STRIP='strip'
VERSION='0.0.4'
ac_ct_AR='ar'
ac_ct_CC='gcc'
ac_ct_CXX='g++'
ac_ct_DUMPBIN=''
am__EXEEXT_FALSE=''
am__EXEEXT_TRUE='#'
am__fastdepCC_FALSE='#'
am__fastdepCC_TRUE=''
am__fastdepCXX_FALSE='#'
am__fastdepCXX_TRUE=''
am__include='include'
am__isrc=''
am__leading_dot='.'
am__quote=''
am__tar='tar --format=posix -chf - "$$tardir"'
am__untar='tar -xf -'
bindir='${exec_prefix}/bin'
build='x86_64-unknown-linux-gnu'
build_alias=''
build_cpu='x86_64'
build_os='linux-gnu'
build_vendor='unknown'
datadir='${datarootdir}'
datarootdir='${prefix}/share'
docdir='${datarootdir}/doc/${PACKAGE_TARNAME}'
dvidir='${docdir}'
exec_prefix='${prefix}'
host='x86_64-unknown-linux-gnu'
host_alias=''
host_cpu='x86_64'
host_os='linux-gnu'
host_vendor='unknown'
htmldir='${docdir}'
includedir='${prefix}/include'
infodir='${datarootdir}/info'
install_sh='${SHELL} /home/dgy/coflo/coflo-0.0.4/build-aux/install-sh'
libdir='${exec_prefix}/lib'
libexecdir='${exec_prefix}/libexec'
localedir='${datarootdir}/locale'
localstatedir='${prefix}/var'
mandir='${datarootdir}/man'
mkdir_p='/bin/mkdir -p'
oldincludedir='/usr/include'
pdfdir='${docdir}'
prefix='/usr/local'
program_transform_name='s,x,x,'
psdir='${docdir}'
sbindir='${exec_prefix}/sbin'
sharedstatedir='${prefix}/com'
sysconfdir='${prefix}/etc'
target_alias=''

## ----------- ##
## confdefs.h. ##
## ----------- ##

/* confdefs.h */
#define PACKAGE_NAME "CoFlo"
#define PACKAGE_TARNAME "coflo"
#define PACKAGE_VERSION "0.0.4"
#define PACKAGE_STRING "CoFlo 0.0.4"
#define PACKAGE_BUGREPORT "BUG-REPORT-ADDRESS"
#define PACKAGE_URL "http://coflo.sourceforge.net/"
#define PACKAGE "coflo"
#define VERSION "0.0.4"
#define SYSTEM_TRIPLE_BUILD "x86_64-unknown-linux-gnu"
#define SYSTEM_TRIPLE_HOST "x86_64-unknown-linux-gnu"
#define STDC_HEADERS 1
#define HAVE_SYS_TYPES_H 1
#define HAVE_SYS_STAT_H 1
#define HAVE_STDLIB_H 1
#define HAVE_STRING_H 1
#define HAVE_MEMORY_H 1
#define HAVE_STRINGS_H 1
#define HAVE_INTTYPES_H 1
#define HAVE_STDINT_H 1
#define HAVE_UNISTD_H 1
#define HAVE_DLFCN_H 1
#define LT_OBJDIR ".libs/"
#define PROG_ABSPATH_DOT "/usr/bin/dot"

configure: exit 0

## ---------------------- ##
## Running config.status. ##
## ---------------------- ##

This file was extended by CoFlo config.status 0.0.4, which was
generated by GNU Autoconf 2.68.  Invocation command line was

  CONFIG_FILES    = 
  CONFIG_HEADERS  = 
  CONFIG_LINKS    = 
  CONFIG_COMMANDS = 
  $ ./config.status 

on dgy-virtual-machine

config.status:1238: creating tests/Makefile
config.status:1238: creating tests/atlocal
config.status:1238: creating Makefile
config.status:1238: creating doc/Makefile
config.status:1238: creating src/Makefile
config.status:1238: creating src/controlflowgraph/Makefile
config.status:1238: creating src/controlflowgraph/analysis/Makefile
config.status:1238: creating src/controlflowgraph/statements/Makefile
config.status:1238: creating src/controlflowgraph/edges/Makefile
config.status:1238: creating src/controlflowgraph/visitors/Makefile
config.status:1238: creating src/debug_utils/Makefile
config.status:1238: creating src/libexttools/Makefile
config.status:1238: creating third_party/Makefile
config.status:1238: creating config.h
config.status:1419: config.h is unchanged
config.status:1467: executing depfiles commands
config.status:1467: executing libtool commands
config.status:1467: executing tests/atconfig commands

## ---------------------- ##
## Running config.status. ##
## ---------------------- ##

This file was extended by CoFlo config.status 0.0.4, which was
generated by GNU Autoconf 2.68.  Invocation command line was

  CONFIG_FILES    = 
  CONFIG_HEADERS  = 
  CONFIG_LINKS    = 
  CONFIG_COMMANDS = 
  $ ./config.status config.h

on dgy-virtual-machine

config.status:1238: creating config.h
config.status:1419: config.h is unchanged
